<?xml version="1.0" encoding="UTF-8"?>
<!-- Generated by org.testng.reporters.JUnitReportReporter -->
<testsuite hostname="Tomato" failures="0" tests="5" name="LTE.BasicExtentReport" time="0.083" errors="0" timestamp="2019-10-14T22:30:57 PDT" skipped="2">
  <testcase classname="LTE.BasicExtentReport" name="testCase1" time="0.028"/>
  <testcase classname="LTE.BasicExtentReport" name="testCase2" time="0.036"/>
  <testcase classname="LTE.BasicExtentReport" name="testCase5" time="0.003">
    <skipped/>
  </testcase> <!-- testCase5 -->
  <testcase classname="LTE.BasicExtentReport" name="testCase3" time="0.016"/>
  <testcase classname="LTE.BasicExtentReport" name="testCase6">
    <skipped/>
  </testcase> <!-- testCase6 -->
</testsuite> <!-- LTE.BasicExtentReport -->
