<?xml version="1.0" encoding="UTF-8"?>
<!-- Generated by org.testng.reporters.JUnitReportReporter -->
<testsuite hostname="Tomato" failures="0" tests="1" name="LTE.ShadowDOMExample" time="7.245" errors="0" timestamp="2019-10-12T22:22:36 PDT" skipped="0">
  <testcase classname="LTE.ShadowDOMExample" name="testGetText_FromShadowDOMElements" time="7.245"/>
</testsuite> <!-- LTE.ShadowDOMExample -->
